# JRE version: Java(TM) SE Runtime Environment (8.0_91-b14) (build 1.8.0_91-b14)
# Java VM: Java HotSpot(TM) Server VM (25.91-b14 mixed mode linux-x86 )
Heap:
 PSYoungGen      total 198400K, used 6166K [0x9ab80000, 0xa7000000, 0xa7000000)
  eden space 195840K, 2% used [0x9ab80000,0x9af75bb0,0xa6ac0000)
  from space 2560K, 82% used [0xa6ac0000,0xa6cd0010,0xa6d40000)
  to   space 2560K, 0% used [0xa6d80000,0xa6d80000,0xa7000000)
 ParOldGen       total 26112K, used 7987K [0x82200000, 0x83b80000, 0x9ab80000)
  object space 26112K, 30% used [0x82200000,0x829ccc60,0x83b80000)
 Metaspace       used 9693K, capacity 9888K, committed 10008K, reserved 10544K
GC Heap History (10 events):
Event: 13,476 GC heap before
{Heap before GC invocations=9 (full 0):
 PSYoungGen      total 80384K, used 78608K [0x9ab80000, 0x9fc80000, 0xa7000000)
  eden space 77824K, 100% used [0x9ab80000,0x9f780000,0x9f780000)
  from space 2560K, 30% used [0x9fa00000,0x9fac4000,0x9fc80000)
  to   space 2560K, 0% used [0x9f780000,0x9f780000,0x9fa00000)
 ParOldGen       total 26112K, used 2519K [0x82200000, 0x83b80000, 0x9ab80000)
  object space 26112K, 9% used [0x82200000,0x82475c50,0x83b80000)
 Metaspace       used 9627K, capacity 9824K, committed 9880K, reserved 10544K
Event: 13,481 GC heap after
Heap after GC invocations=9 (full 0):
 PSYoungGen      total 80384K, used 1488K [0x9ab80000, 0xa2a40000, 0xa7000000)
  eden space 77824K, 0% used [0x9ab80000,0x9ab80000,0x9f780000)
  from space 2560K, 58% used [0x9f780000,0x9f8f4000,0x9fa00000)
  to   space 2560K, 0% used [0xa27c0000,0xa27c0000,0xa2a40000)
 ParOldGen       total 26112K, used 2579K [0x82200000, 0x83b80000, 0x9ab80000)
  object space 26112K, 9% used [0x82200000,0x82484c50,0x83b80000)
 Metaspace       used 9627K, capacity 9824K, committed 9880K, reserved 10544K
}
Event: 13,907 GC heap before
{Heap before GC invocations=10 (full 0):
 PSYoungGen      total 80384K, used 79312K [0x9ab80000, 0xa2a40000, 0xa7000000)
  eden space 77824K, 100% used [0x9ab80000,0x9f780000,0x9f780000)
  from space 2560K, 58% used [0x9f780000,0x9f8f4000,0x9fa00000)
  to   space 2560K, 0% used [0xa27c0000,0xa27c0000,0xa2a40000)
 ParOldGen       total 26112K, used 2579K [0x82200000, 0x83b80000, 0x9ab80000)
  object space 26112K, 9% used [0x82200000,0x82484c50,0x83b80000)
 Metaspace       used 9628K, capacity 9824K, committed 9880K, reserved 10544K
Event: 13,915 GC heap after
Heap after GC invocations=10 (full 0):
 PSYoungGen      total 127232K, used 1664K [0x9ab80000, 0xa2a40000, 0xa7000000)
  eden space 124672K, 0% used [0x9ab80000,0x9ab80000,0xa2540000)
  from space 2560K, 65% used [0xa27c0000,0xa2960000,0xa2a40000)
  to   space 2560K, 0% used [0xa2540000,0xa2540000,0xa27c0000)
 ParOldGen       total 26112K, used 3299K [0x82200000, 0x83b80000, 0x9ab80000)
  object space 26112K, 12% used [0x82200000,0x82538c50,0x83b80000)
 Metaspace       used 9628K, capacity 9824K, committed 9880K, reserved 10544K
}
Event: 14,647 GC heap before
{Heap before GC invocations=11 (full 0):
 PSYoungGen      total 127232K, used 126336K [0x9ab80000, 0xa2a40000, 0xa7000000)
  eden space 124672K, 100% used [0x9ab80000,0xa2540000,0xa2540000)
  from space 2560K, 65% used [0xa27c0000,0xa2960000,0xa2a40000)
  to   space 2560K, 0% used [0xa2540000,0xa2540000,0xa27c0000)
 ParOldGen       total 26112K, used 3299K [0x82200000, 0x83b80000, 0x9ab80000)
  object space 26112K, 12% used [0x82200000,0x82538c50,0x83b80000)
 Metaspace       used 9629K, capacity 9824K, committed 9880K, reserved 10544K
Event: 14,656 GC heap after
Heap after GC invocations=11 (full 0):
 PSYoungGen      total 127232K, used 1280K [0x9ab80000, 0xa6f80000, 0xa7000000)
  eden space 124672K, 0% used [0x9ab80000,0x9ab80000,0xa2540000)
  from space 2560K, 50% used [0xa2540000,0xa2680010,0xa27c0000)
  to   space 2304K, 0% used [0xa6d40000,0xa6d40000,0xa6f80000)
 ParOldGen       total 26112K, used 4963K [0x82200000, 0x83b80000, 0x9ab80000)
  object space 26112K, 19% used [0x82200000,0x826d8c50,0x83b80000)
 Metaspace       used 9629K, capacity 9824K, committed 9880K, reserved 10544K
}
Event: 15,396 GC heap before
{Heap before GC invocations=12 (full 0):
 PSYoungGen      total 127232K, used 125952K [0x9ab80000, 0xa6f80000, 0xa7000000)
  eden space 124672K, 100% used [0x9ab80000,0xa2540000,0xa2540000)
  from space 2560K, 50% used [0xa2540000,0xa2680010,0xa27c0000)
  to   space 2304K, 0% used [0xa6d40000,0xa6d40000,0xa6f80000)
 ParOldGen       total 26112K, used 4963K [0x82200000, 0x83b80000, 0x9ab80000)
  object space 26112K, 19% used [0x82200000,0x826d8c50,0x83b80000)
 Metaspace       used 9629K, capacity 9824K, committed 9880K, reserved 10544K
Event: 15,406 GC heap after
Heap after GC invocations=12 (full 0):
 PSYoungGen      total 198144K, used 1776K [0x9ab80000, 0xa7000000, 0xa7000000)
  eden space 195840K, 0% used [0x9ab80000,0x9ab80000,0xa6ac0000)
  from space 2304K, 77% used [0xa6d40000,0xa6efc000,0xa6f80000)
  to   space 2560K, 0% used [0xa6ac0000,0xa6ac0000,0xa6d40000)
 ParOldGen       total 26112K, used 6219K [0x82200000, 0x83b80000, 0x9ab80000)
  object space 26112K, 23% used [0x82200000,0x82812c60,0x83b80000)
 Metaspace       used 9629K, capacity 9824K, committed 9880K, reserved 10544K
}
Event: 16,522 GC heap before
{Heap before GC invocations=13 (full 0):
 PSYoungGen      total 198144K, used 197616K [0x9ab80000, 0xa7000000, 0xa7000000)
  eden space 195840K, 100% used [0x9ab80000,0xa6ac0000,0xa6ac0000)
  from space 2304K, 77% used [0xa6d40000,0xa6efc000,0xa6f80000)
  to   space 2560K, 0% used [0xa6ac0000,0xa6ac0000,0xa6d40000)
 ParOldGen       total 26112K, used 6219K [0x82200000, 0x83b80000, 0x9ab80000)
  object space 26112K, 23% used [0x82200000,0x82812c60,0x83b80000)
 Metaspace       used 9629K, capacity 9824K, committed 9880K, reserved 10544K
Event: 16,534 GC heap after
Heap after GC invocations=13 (full 0):
 PSYoungGen      total 198400K, used 2112K [0x9ab80000, 0xa7000000, 0xa7000000)
  eden space 195840K, 0% used [0x9ab80000,0x9ab80000,0xa6ac0000)
  from space 2560K, 82% used [0xa6ac0000,0xa6cd0010,0xa6d40000)
  to   space 2560K, 0% used [0xa6d80000,0xa6d80000,0xa7000000)
 ParOldGen       total 26112K, used 7987K [0x82200000, 0x83b80000, 0x9ab80000)
  object space 26112K, 30% used [0x82200000,0x829ccc60,0x83b80000)
 Metaspace       used 9629K, capacity 9824K, committed 9880K, reserved 10544K
}

