# JRE version: Java(TM) SE Runtime Environment (8.0_91-b14) (build 1.8.0_91-b14)
# Java VM: Java HotSpot(TM) Server VM (25.91-b14 mixed mode linux-x86 )
Heap:
 PSYoungGen      total 197888K, used 34794K [0x9a780000, 0xa6c00000, 0xa6c00000)
  eden space 194560K, 16% used [0x9a780000,0x9c726828,0xa6580000)
  from space 3328K, 71% used [0xa68c0000,0xa6b14000,0xa6c00000)
  to   space 3328K, 0% used [0xa6580000,0xa6580000,0xa68c0000)
 ParOldGen       total 26112K, used 16619K [0x81e00000, 0x83780000, 0x9a780000)
  object space 26112K, 63% used [0x81e00000,0x82e3ae10,0x83780000)
 Metaspace       used 9791K, capacity 9984K, committed 10136K, reserved 10544K
GC Heap History (10 events):
Event: 17,202 GC heap before
{Heap before GC invocations=16 (full 0):
 PSYoungGen      total 162816K, used 161296K [0x9a780000, 0xa6c00000, 0xa6c00000)
  eden space 160256K, 100% used [0x9a780000,0xa4400000,0xa4400000)
  from space 2560K, 40% used [0xa4400000,0xa4504000,0xa4680000)
  to   space 2560K, 0% used [0xa6980000,0xa6980000,0xa6c00000)
 ParOldGen       total 26112K, used 8583K [0x81e00000, 0x83780000, 0x9a780000)
  object space 26112K, 32% used [0x81e00000,0x82661e10,0x83780000)
 Metaspace       used 9753K, capacity 9952K, committed 10008K, reserved 10544K
Event: 17,207 GC heap after
Heap after GC invocations=16 (full 0):
 PSYoungGen      total 198656K, used 224K [0x9a780000, 0xa6c00000, 0xa6c00000)
  eden space 196096K, 0% used [0x9a780000,0x9a780000,0xa6700000)
  from space 2560K, 8% used [0xa6980000,0xa69b8000,0xa6c00000)
  to   space 2560K, 0% used [0xa6700000,0xa6700000,0xa6980000)
 ParOldGen       total 26112K, used 9611K [0x81e00000, 0x83780000, 0x9a780000)
  object space 26112K, 36% used [0x81e00000,0x82762e10,0x83780000)
 Metaspace       used 9753K, capacity 9952K, committed 10008K, reserved 10544K
}
Event: 18,100 GC heap before
{Heap before GC invocations=17 (full 0):
 PSYoungGen      total 198656K, used 196320K [0x9a780000, 0xa6c00000, 0xa6c00000)
  eden space 196096K, 100% used [0x9a780000,0xa6700000,0xa6700000)
  from space 2560K, 8% used [0xa6980000,0xa69b8000,0xa6c00000)
  to   space 2560K, 0% used [0xa6700000,0xa6700000,0xa6980000)
 ParOldGen       total 26112K, used 9611K [0x81e00000, 0x83780000, 0x9a780000)
  object space 26112K, 36% used [0x81e00000,0x82762e10,0x83780000)
 Metaspace       used 9753K, capacity 9952K, committed 10008K, reserved 10544K
Event: 18,108 GC heap after
Heap after GC invocations=17 (full 0):
 PSYoungGen      total 198400K, used 2176K [0x9a780000, 0xa6c00000, 0xa6c00000)
  eden space 196096K, 0% used [0x9a780000,0x9a780000,0xa6700000)
  from space 2304K, 94% used [0xa6700000,0xa6920000,0xa6940000)
  to   space 2816K, 0% used [0xa6940000,0xa6940000,0xa6c00000)
 ParOldGen       total 26112K, used 9807K [0x81e00000, 0x83780000, 0x9a780000)
  object space 26112K, 37% used [0x81e00000,0x82793e10,0x83780000)
 Metaspace       used 9753K, capacity 9952K, committed 10008K, reserved 10544K
}
Event: 18,878 GC heap before
{Heap before GC invocations=18 (full 0):
 PSYoungGen      total 198400K, used 198272K [0x9a780000, 0xa6c00000, 0xa6c00000)
  eden space 196096K, 100% used [0x9a780000,0xa6700000,0xa6700000)
  from space 2304K, 94% used [0xa6700000,0xa6920000,0xa6940000)
  to   space 2816K, 0% used [0xa6940000,0xa6940000,0xa6c00000)
 ParOldGen       total 26112K, used 9807K [0x81e00000, 0x83780000, 0x9a780000)
  object space 26112K, 37% used [0x81e00000,0x82793e10,0x83780000)
 Metaspace       used 9753K, capacity 9952K, committed 10008K, reserved 10544K
Event: 18,891 GC heap after
Heap after GC invocations=18 (full 0):
 PSYoungGen      total 197888K, used 2480K [0x9a780000, 0xa6c00000, 0xa6c00000)
  eden space 195072K, 0% used [0x9a780000,0x9a780000,0xa6600000)
  from space 2816K, 88% used [0xa6940000,0xa6bac000,0xa6c00000)
  to   space 3072K, 0% used [0xa6600000,0xa6600000,0xa6900000)
 ParOldGen       total 26112K, used 11983K [0x81e00000, 0x83780000, 0x9a780000)
  object space 26112K, 45% used [0x81e00000,0x829b3e10,0x83780000)
 Metaspace       used 9753K, capacity 9952K, committed 10008K, reserved 10544K
}
Event: 19,678 GC heap before
{Heap before GC invocations=19 (full 0):
 PSYoungGen      total 197888K, used 197552K [0x9a780000, 0xa6c00000, 0xa6c00000)
  eden space 195072K, 100% used [0x9a780000,0xa6600000,0xa6600000)
  from space 2816K, 88% used [0xa6940000,0xa6bac000,0xa6c00000)
  to   space 3072K, 0% used [0xa6600000,0xa6600000,0xa6900000)
 ParOldGen       total 26112K, used 11983K [0x81e00000, 0x83780000, 0x9a780000)
  object space 26112K, 45% used [0x81e00000,0x829b3e10,0x83780000)
 Metaspace       used 9753K, capacity 9952K, committed 10008K, reserved 10544K
Event: 19,691 GC heap after
Heap after GC invocations=19 (full 0):
 PSYoungGen      total 197376K, used 2176K [0x9a780000, 0xa6c00000, 0xa6c00000)
  eden space 195072K, 0% used [0x9a780000,0x9a780000,0xa6600000)
  from space 2304K, 94% used [0xa6600000,0xa6820000,0xa6840000)
  to   space 3328K, 0% used [0xa68c0000,0xa68c0000,0xa6c00000)
 ParOldGen       total 26112K, used 14459K [0x81e00000, 0x83780000, 0x9a780000)
  object space 26112K, 55% used [0x81e00000,0x82c1ee10,0x83780000)
 Metaspace       used 9753K, capacity 9952K, committed 10008K, reserved 10544K
}
Event: 20,447 GC heap before
{Heap before GC invocations=20 (full 0):
 PSYoungGen      total 197376K, used 197248K [0x9a780000, 0xa6c00000, 0xa6c00000)
  eden space 195072K, 100% used [0x9a780000,0xa6600000,0xa6600000)
  from space 2304K, 94% used [0xa6600000,0xa6820000,0xa6840000)
  to   space 3328K, 0% used [0xa68c0000,0xa68c0000,0xa6c00000)
 ParOldGen       total 26112K, used 14459K [0x81e00000, 0x83780000, 0x9a780000)
  object space 26112K, 55% used [0x81e00000,0x82c1ee10,0x83780000)
 Metaspace       used 9753K, capacity 9952K, committed 10008K, reserved 10544K
Event: 20,460 GC heap after
Heap after GC invocations=20 (full 0):
 PSYoungGen      total 197888K, used 2384K [0x9a780000, 0xa6c00000, 0xa6c00000)
  eden space 194560K, 0% used [0x9a780000,0x9a780000,0xa6580000)
  from space 3328K, 71% used [0xa68c0000,0xa6b14000,0xa6c00000)
  to   space 3328K, 0% used [0xa6580000,0xa6580000,0xa68c0000)
 ParOldGen       total 26112K, used 16619K [0x81e00000, 0x83780000, 0x9a780000)
  object space 26112K, 63% used [0x81e00000,0x82e3ae10,0x83780000)
 Metaspace       used 9753K, capacity 9952K, committed 10008K, reserved 10544K
}

