# JRE version: Java(TM) SE Runtime Environment (8.0_91-b14) (build 1.8.0_91-b14)
# Java VM: Java HotSpot(TM) Server VM (25.91-b14 mixed mode linux-x86 )
Heap:
 PSYoungGen      total 156416K, used 75984K [0x9ab80000, 0xa69c0000, 0xa7000000)
  eden space 154624K, 48% used [0x9ab80000,0x9f424338,0xa4280000)
  from space 1792K, 89% used [0xa63c0000,0xa6550000,0xa6580000)
  to   space 3584K, 0% used [0xa6640000,0xa6640000,0xa69c0000)
 ParOldGen       total 26112K, used 18973K [0x82200000, 0x83b80000, 0x9ab80000)
  object space 26112K, 72% used [0x82200000,0x83487738,0x83b80000)
 Metaspace       used 9705K, capacity 9920K, committed 10008K, reserved 10544K
GC Heap History (10 events):
Event: 19,003 GC heap before
{Heap before GC invocations=15 (full 0):
 PSYoungGen      total 198656K, used 197744K [0x9ab80000, 0xa7000000, 0xa7000000)
  eden space 196096K, 100% used [0x9ab80000,0xa6b00000,0xa6b00000)
  from space 2560K, 64% used [0xa6d80000,0xa6f1c010,0xa7000000)
  to   space 2560K, 0% used [0xa6b00000,0xa6b00000,0xa6d80000)
 ParOldGen       total 26112K, used 8149K [0x82200000, 0x83b80000, 0x9ab80000)
  object space 26112K, 31% used [0x82200000,0x829f5708,0x83b80000)
 Metaspace       used 9643K, capacity 9856K, committed 10008K, reserved 10544K
Event: 19,010 GC heap after
Heap after GC invocations=15 (full 0):
 PSYoungGen      total 189184K, used 2080K [0x9ab80000, 0xa6dc0000, 0xa7000000)
  eden space 186880K, 0% used [0x9ab80000,0x9ab80000,0xa6200000)
  from space 2304K, 90% used [0xa6b00000,0xa6d08000,0xa6d40000)
  to   space 512K, 0% used [0xa6d40000,0xa6d40000,0xa6dc0000)
 ParOldGen       total 26112K, used 9797K [0x82200000, 0x83b80000, 0x9ab80000)
  object space 26112K, 37% used [0x82200000,0x82b91718,0x83b80000)
 Metaspace       used 9643K, capacity 9856K, committed 10008K, reserved 10544K
}
Event: 20,111 GC heap before
{Heap before GC invocations=16 (full 0):
 PSYoungGen      total 189184K, used 188960K [0x9ab80000, 0xa6dc0000, 0xa7000000)
  eden space 186880K, 100% used [0x9ab80000,0xa6200000,0xa6200000)
  from space 2304K, 90% used [0xa6b00000,0xa6d08000,0xa6d40000)
  to   space 512K, 0% used [0xa6d40000,0xa6d40000,0xa6dc0000)
 ParOldGen       total 26112K, used 9797K [0x82200000, 0x83b80000, 0x9ab80000)
  object space 26112K, 37% used [0x82200000,0x82b91718,0x83b80000)
 Metaspace       used 9643K, capacity 9856K, committed 10008K, reserved 10544K
Event: 20,121 GC heap after
Heap after GC invocations=16 (full 0):
 PSYoungGen      total 178688K, used 512K [0x9ab80000, 0xa6dc0000, 0xa7000000)
  eden space 178176K, 0% used [0x9ab80000,0x9ab80000,0xa5980000)
  from space 512K, 100% used [0xa6d40000,0xa6dc0000,0xa6dc0000)
  to   space 3840K, 0% used [0xa6640000,0xa6640000,0xa6a00000)
 ParOldGen       total 26112K, used 14309K [0x82200000, 0x83b80000, 0x9ab80000)
  object space 26112K, 54% used [0x82200000,0x82ff9718,0x83b80000)
 Metaspace       used 9643K, capacity 9856K, committed 10008K, reserved 10544K
}
Event: 21,032 GC heap before
{Heap before GC invocations=17 (full 0):
 PSYoungGen      total 178688K, used 178688K [0x9ab80000, 0xa6dc0000, 0xa7000000)
  eden space 178176K, 100% used [0x9ab80000,0xa5980000,0xa5980000)
  from space 512K, 100% used [0xa6d40000,0xa6dc0000,0xa6dc0000)
  to   space 3840K, 0% used [0xa6640000,0xa6640000,0xa6a00000)
 ParOldGen       total 26112K, used 14309K [0x82200000, 0x83b80000, 0x9ab80000)
  object space 26112K, 54% used [0x82200000,0x82ff9718,0x83b80000)
 Metaspace       used 9645K, capacity 9856K, committed 10008K, reserved 10544K
Event: 21,038 GC heap after
Heap after GC invocations=17 (full 0):
 PSYoungGen      total 172544K, used 2448K [0x9ab80000, 0xa6d80000, 0xa7000000)
  eden space 169984K, 0% used [0x9ab80000,0x9ab80000,0xa5180000)
  from space 2560K, 95% used [0xa6640000,0xa68a4010,0xa68c0000)
  to   space 4096K, 0% used [0xa6980000,0xa6980000,0xa6d80000)
 ParOldGen       total 26112K, used 14825K [0x82200000, 0x83b80000, 0x9ab80000)
  object space 26112K, 56% used [0x82200000,0x8307a718,0x83b80000)
 Metaspace       used 9645K, capacity 9856K, committed 10008K, reserved 10544K
}
Event: 21,957 GC heap before
{Heap before GC invocations=18 (full 0):
 PSYoungGen      total 172544K, used 172432K [0x9ab80000, 0xa6d80000, 0xa7000000)
  eden space 169984K, 100% used [0x9ab80000,0xa5180000,0xa5180000)
  from space 2560K, 95% used [0xa6640000,0xa68a4010,0xa68c0000)
  to   space 4096K, 0% used [0xa6980000,0xa6980000,0xa6d80000)
 ParOldGen       total 26112K, used 14825K [0x82200000, 0x83b80000, 0x9ab80000)
  object space 26112K, 56% used [0x82200000,0x8307a718,0x83b80000)
 Metaspace       used 9645K, capacity 9856K, committed 10008K, reserved 10544K
Event: 21,965 GC heap after
Heap after GC invocations=18 (full 0):
 PSYoungGen      total 163840K, used 1680K [0x9ab80000, 0xa6b40000, 0xa7000000)
  eden space 162048K, 0% used [0x9ab80000,0x9ab80000,0xa49c0000)
  from space 1792K, 93% used [0xa6980000,0xa6b24000,0xa6b40000)
  to   space 3840K, 0% used [0xa63c0000,0xa63c0000,0xa6780000)
 ParOldGen       total 26112K, used 17281K [0x82200000, 0x83b80000, 0x9ab80000)
  object space 26112K, 66% used [0x82200000,0x832e0728,0x83b80000)
 Metaspace       used 9645K, capacity 9856K, committed 10008K, reserved 10544K
}
Event: 22,877 GC heap before
{Heap before GC invocations=19 (full 0):
 PSYoungGen      total 163840K, used 163728K [0x9ab80000, 0xa6b40000, 0xa7000000)
  eden space 162048K, 100% used [0x9ab80000,0xa49c0000,0xa49c0000)
  from space 1792K, 93% used [0xa6980000,0xa6b24000,0xa6b40000)
  to   space 3840K, 0% used [0xa63c0000,0xa63c0000,0xa6780000)
 ParOldGen       total 26112K, used 17281K [0x82200000, 0x83b80000, 0x9ab80000)
  object space 26112K, 66% used [0x82200000,0x832e0728,0x83b80000)
 Metaspace       used 9645K, capacity 9856K, committed 10008K, reserved 10544K
Event: 22,885 GC heap after
Heap after GC invocations=19 (full 0):
 PSYoungGen      total 156416K, used 1600K [0x9ab80000, 0xa69c0000, 0xa7000000)
  eden space 154624K, 0% used [0x9ab80000,0x9ab80000,0xa4280000)
  from space 1792K, 89% used [0xa63c0000,0xa6550000,0xa6580000)
  to   space 3584K, 0% used [0xa6640000,0xa6640000,0xa69c0000)
 ParOldGen       total 26112K, used 18973K [0x82200000, 0x83b80000, 0x9ab80000)
  object space 26112K, 72% used [0x82200000,0x83487738,0x83b80000)
 Metaspace       used 9645K, capacity 9856K, committed 10008K, reserved 10544K
}

