# JRE version: Java(TM) SE Runtime Environment (8.0_91-b14) (build 1.8.0_91-b14)
# Java VM: Java HotSpot(TM) Server VM (25.91-b14 mixed mode linux-x86 )
Heap:
 PSYoungGen      total 198400K, used 189613K [0x9ab80000, 0xa7000000, 0xa7000000)
  eden space 196096K, 95% used [0x9ab80000,0xa62db420,0xa6b00000)
  from space 2304K, 80% used [0xa6dc0000,0xa6f90000,0xa7000000)
  to   space 2560K, 0% used [0xa6b00000,0xa6b00000,0xa6d80000)
 ParOldGen       total 26112K, used 6320K [0x82200000, 0x83b80000, 0x9ab80000)
  object space 26112K, 24% used [0x82200000,0x8282c270,0x83b80000)
 Metaspace       used 9745K, capacity 9952K, committed 10008K, reserved 10544K
GC Heap History (10 events):
Event: 17,914 GC heap before
{Heap before GC invocations=8 (full 0):
 PSYoungGen      total 41216K, used 39456K [0x9ab80000, 0x9fc80000, 0xa7000000)
  eden space 38912K, 100% used [0x9ab80000,0x9d180000,0x9d180000)
  from space 2304K, 23% used [0x9d180000,0x9d208000,0x9d3c0000)
  to   space 2560K, 0% used [0x9fa00000,0x9fa00000,0x9fc80000)
 ParOldGen       total 26112K, used 2448K [0x82200000, 0x83b80000, 0x9ab80000)
  object space 26112K, 9% used [0x82200000,0x82464260,0x83b80000)
 Metaspace       used 9680K, capacity 9888K, committed 10008K, reserved 10544K
Event: 17,917 GC heap after
Heap after GC invocations=8 (full 0):
 PSYoungGen      total 80384K, used 928K [0x9ab80000, 0x9fc80000, 0xa7000000)
  eden space 77824K, 0% used [0x9ab80000,0x9ab80000,0x9f780000)
  from space 2560K, 36% used [0x9fa00000,0x9fae8000,0x9fc80000)
  to   space 2560K, 0% used [0x9f780000,0x9f780000,0x9fa00000)
 ParOldGen       total 26112K, used 2532K [0x82200000, 0x83b80000, 0x9ab80000)
  object space 26112K, 9% used [0x82200000,0x82479260,0x83b80000)
 Metaspace       used 9680K, capacity 9888K, committed 10008K, reserved 10544K
}
Event: 18,368 GC heap before
{Heap before GC invocations=9 (full 0):
 PSYoungGen      total 80384K, used 78752K [0x9ab80000, 0x9fc80000, 0xa7000000)
  eden space 77824K, 100% used [0x9ab80000,0x9f780000,0x9f780000)
  from space 2560K, 36% used [0x9fa00000,0x9fae8000,0x9fc80000)
  to   space 2560K, 0% used [0x9f780000,0x9f780000,0x9fa00000)
 ParOldGen       total 26112K, used 2532K [0x82200000, 0x83b80000, 0x9ab80000)
  object space 26112K, 9% used [0x82200000,0x82479260,0x83b80000)
 Metaspace       used 9680K, capacity 9888K, committed 10008K, reserved 10544K
Event: 18,372 GC heap after
Heap after GC invocations=9 (full 0):
 PSYoungGen      total 80384K, used 1456K [0x9ab80000, 0xa29c0000, 0xa7000000)
  eden space 77824K, 0% used [0x9ab80000,0x9ab80000,0x9f780000)
  from space 2560K, 56% used [0x9f780000,0x9f8ec000,0x9fa00000)
  to   space 2304K, 0% used [0xa2780000,0xa2780000,0xa29c0000)
 ParOldGen       total 26112K, used 2624K [0x82200000, 0x83b80000, 0x9ab80000)
  object space 26112K, 10% used [0x82200000,0x82490260,0x83b80000)
 Metaspace       used 9680K, capacity 9888K, committed 10008K, reserved 10544K
}
Event: 18,863 GC heap before
{Heap before GC invocations=10 (full 0):
 PSYoungGen      total 80384K, used 79280K [0x9ab80000, 0xa29c0000, 0xa7000000)
  eden space 77824K, 100% used [0x9ab80000,0x9f780000,0x9f780000)
  from space 2560K, 56% used [0x9f780000,0x9f8ec000,0x9fa00000)
  to   space 2304K, 0% used [0xa2780000,0xa2780000,0xa29c0000)
 ParOldGen       total 26112K, used 2624K [0x82200000, 0x83b80000, 0x9ab80000)
  object space 26112K, 10% used [0x82200000,0x82490260,0x83b80000)
 Metaspace       used 9680K, capacity 9888K, committed 10008K, reserved 10544K
Event: 18,867 GC heap after
Heap after GC invocations=10 (full 0):
 PSYoungGen      total 126976K, used 1720K [0x9ab80000, 0xa29c0000, 0xa7000000)
  eden space 124672K, 0% used [0x9ab80000,0x9ab80000,0xa2540000)
  from space 2304K, 74% used [0xa2780000,0xa292e010,0xa29c0000)
  to   space 2304K, 0% used [0xa2540000,0xa2540000,0xa2780000)
 ParOldGen       total 26112K, used 3440K [0x82200000, 0x83b80000, 0x9ab80000)
  object space 26112K, 13% used [0x82200000,0x8255c260,0x83b80000)
 Metaspace       used 9680K, capacity 9888K, committed 10008K, reserved 10544K
}
Event: 19,693 GC heap before
{Heap before GC invocations=11 (full 0):
 PSYoungGen      total 126976K, used 126392K [0x9ab80000, 0xa29c0000, 0xa7000000)
  eden space 124672K, 100% used [0x9ab80000,0xa2540000,0xa2540000)
  from space 2304K, 74% used [0xa2780000,0xa292e010,0xa29c0000)
  to   space 2304K, 0% used [0xa2540000,0xa2540000,0xa2780000)
 ParOldGen       total 26112K, used 3440K [0x82200000, 0x83b80000, 0x9ab80000)
  object space 26112K, 13% used [0x82200000,0x8255c260,0x83b80000)
 Metaspace       used 9681K, capacity 9888K, committed 10008K, reserved 10544K
Event: 19,702 GC heap after
Heap after GC invocations=11 (full 0):
 PSYoungGen      total 126976K, used 1184K [0x9ab80000, 0xa7000000, 0xa7000000)
  eden space 124672K, 0% used [0x9ab80000,0x9ab80000,0xa2540000)
  from space 2304K, 51% used [0xa2540000,0xa2668010,0xa2780000)
  to   space 2304K, 0% used [0xa6dc0000,0xa6dc0000,0xa7000000)
 ParOldGen       total 26112K, used 5144K [0x82200000, 0x83b80000, 0x9ab80000)
  object space 26112K, 19% used [0x82200000,0x82706260,0x83b80000)
 Metaspace       used 9681K, capacity 9888K, committed 10008K, reserved 10544K
}
Event: 20,391 GC heap before
{Heap before GC invocations=12 (full 0):
 PSYoungGen      total 126976K, used 125856K [0x9ab80000, 0xa7000000, 0xa7000000)
  eden space 124672K, 100% used [0x9ab80000,0xa2540000,0xa2540000)
  from space 2304K, 51% used [0xa2540000,0xa2668010,0xa2780000)
  to   space 2304K, 0% used [0xa6dc0000,0xa6dc0000,0xa7000000)
 ParOldGen       total 26112K, used 5144K [0x82200000, 0x83b80000, 0x9ab80000)
  object space 26112K, 19% used [0x82200000,0x82706260,0x83b80000)
 Metaspace       used 9681K, capacity 9888K, committed 10008K, reserved 10544K
Event: 20,404 GC heap after
Heap after GC invocations=12 (full 0):
 PSYoungGen      total 198400K, used 1856K [0x9ab80000, 0xa7000000, 0xa7000000)
  eden space 196096K, 0% used [0x9ab80000,0x9ab80000,0xa6b00000)
  from space 2304K, 80% used [0xa6dc0000,0xa6f90000,0xa7000000)
  to   space 2560K, 0% used [0xa6b00000,0xa6b00000,0xa6d80000)
 ParOldGen       total 26112K, used 6320K [0x82200000, 0x83b80000, 0x9ab80000)
  object space 26112K, 24% used [0x82200000,0x8282c270,0x83b80000)
 Metaspace       used 9681K, capacity 9888K, committed 10008K, reserved 10544K
}

